<?xml version="1.0" encoding="UTF-8"?>
<testsuite name="agh.ics.oop.AnimalTest" tests="11" skipped="0" failures="0" errors="0" timestamp="2022-10-23T13:51:30" hostname="LAPTOP-O8EOC9KI" time="0.045">
  <properties/>
  <testcase name="test1()" classname="agh.ics.oop.AnimalTest" time="0.028"/>
  <testcase name="test2()" classname="agh.ics.oop.AnimalTest" time="0.001"/>
  <testcase name="test3()" classname="agh.ics.oop.AnimalTest" time="0.001"/>
  <testcase name="test4()" classname="agh.ics.oop.AnimalTest" time="0.001"/>
  <testcase name="test5()" classname="agh.ics.oop.AnimalTest" time="0.001"/>
  <testcase name="test6()" classname="agh.ics.oop.AnimalTest" time="0.001"/>
  <testcase name="test7()" classname="agh.ics.oop.AnimalTest" time="0.001"/>
  <testcase name="test3_long()" classname="agh.ics.oop.AnimalTest" time="0.001"/>
  <testcase name="test4_long()" classname="agh.ics.oop.AnimalTest" time="0.001"/>
  <testcase name="test5_long()" classname="agh.ics.oop.AnimalTest" time="0.0"/>
  <testcase name="test6_long()" classname="agh.ics.oop.AnimalTest" time="0.001"/>
  <system-out><![CDATA[]]></system-out>
  <system-err><![CDATA[]]></system-err>
</testsuite>
